
*** Running vivado
    with args -log Display.vds -m64 -product Vivado -mode batch -messageDb vivado.pb -notrace -source Display.tcl


****** Vivado v2016.3 (64-bit)
  **** SW Build 1682563 on Mon Oct 10 19:07:27 MDT 2016
  **** IP Build 1681267 on Mon Oct 10 21:28:31 MDT 2016
    ** Copyright 1986-2016 Xilinx, Inc. All Rights Reserved.

source Display.tcl -notrace
Command: synth_design -top Display -part xc7a35tcpg236-1
Starting synth_design
Attempting to get a license for feature 'Synthesis' and/or device 'xc7a35t'
INFO: [Common 17-349] Got license for feature 'Synthesis' and/or device 'xc7a35t'
INFO: Launching helper process for spawning children vivado processes
INFO: Helper process launched with PID 7900 
---------------------------------------------------------------------------------
Starting RTL Elaboration : Time (s): cpu = 00:00:18 ; elapsed = 00:00:26 . Memory (MB): peak = 282.109 ; gain = 72.379
---------------------------------------------------------------------------------
INFO: [Synth 8-638] synthesizing module 'Display' [C:/Users/Leilani/Documents/Game Simon/Game Simon.srcs/sources_1/new/Display.v:22]
	Parameter N bound to: 31 - type: integer 
WARNING: [Synth 8-151] case item 32'b00000000000000000000000001111101 is unreachable [C:/Users/Leilani/Documents/Game Simon/Game Simon.srcs/sources_1/new/Display.v:49]
WARNING: [Synth 8-151] case item 32'b00000000000000000000000100101100 is unreachable [C:/Users/Leilani/Documents/Game Simon/Game Simon.srcs/sources_1/new/Display.v:52]
WARNING: [Synth 8-151] case item 32'b00000000000000000000000110101001 is unreachable [C:/Users/Leilani/Documents/Game Simon/Game Simon.srcs/sources_1/new/Display.v:55]
WARNING: [Synth 8-151] case item 32'b00000000000000000000001000100110 is unreachable [C:/Users/Leilani/Documents/Game Simon/Game Simon.srcs/sources_1/new/Display.v:58]
WARNING: [Synth 8-151] case item 32'b00000000000000000000001010100011 is unreachable [C:/Users/Leilani/Documents/Game Simon/Game Simon.srcs/sources_1/new/Display.v:61]
WARNING: [Synth 8-151] case item 32'b00000000000000000000001100100000 is unreachable [C:/Users/Leilani/Documents/Game Simon/Game Simon.srcs/sources_1/new/Display.v:64]
WARNING: [Synth 8-151] case item 32'b00000000000000000000001110011101 is unreachable [C:/Users/Leilani/Documents/Game Simon/Game Simon.srcs/sources_1/new/Display.v:67]
WARNING: [Synth 8-151] case item 32'b00000000000000000000010000011010 is unreachable [C:/Users/Leilani/Documents/Game Simon/Game Simon.srcs/sources_1/new/Display.v:70]
WARNING: [Synth 8-151] case item 32'b00000000000000000000010010010111 is unreachable [C:/Users/Leilani/Documents/Game Simon/Game Simon.srcs/sources_1/new/Display.v:73]
WARNING: [Synth 8-151] case item 32'b00000000000000000000010100010100 is unreachable [C:/Users/Leilani/Documents/Game Simon/Game Simon.srcs/sources_1/new/Display.v:76]
WARNING: [Synth 8-151] case item 32'b00000000000000000000010110010001 is unreachable [C:/Users/Leilani/Documents/Game Simon/Game Simon.srcs/sources_1/new/Display.v:79]
WARNING: [Synth 8-151] case item 32'b00000000000000000000011000001110 is unreachable [C:/Users/Leilani/Documents/Game Simon/Game Simon.srcs/sources_1/new/Display.v:82]
WARNING: [Synth 8-3848] Net led in module/entity Display does not have driver. [C:/Users/Leilani/Documents/Game Simon/Game Simon.srcs/sources_1/new/Display.v:26]
INFO: [Synth 8-256] done synthesizing module 'Display' (1#1) [C:/Users/Leilani/Documents/Game Simon/Game Simon.srcs/sources_1/new/Display.v:22]
WARNING: [Synth 8-3330] design Display has an empty top module
WARNING: [Synth 8-3331] design Display has unconnected port led[8]
WARNING: [Synth 8-3331] design Display has unconnected port led[7]
WARNING: [Synth 8-3331] design Display has unconnected port clk
---------------------------------------------------------------------------------
Finished RTL Elaboration : Time (s): cpu = 00:00:20 ; elapsed = 00:00:29 . Memory (MB): peak = 318.621 ; gain = 108.891
---------------------------------------------------------------------------------

Report Check Netlist: 
+------+------------------+-------+---------+-------+------------------+
|      |Item              |Errors |Warnings |Status |Description       |
+------+------------------+-------+---------+-------+------------------+
|1     |multi_driven_nets |      0|        0|Passed |Multi driven nets |
+------+------------------+-------+---------+-------+------------------+
---------------------------------------------------------------------------------
Finished RTL Optimization Phase 1 : Time (s): cpu = 00:00:20 ; elapsed = 00:00:29 . Memory (MB): peak = 318.621 ; gain = 108.891
---------------------------------------------------------------------------------
INFO: [Device 21-403] Loading part xc7a35tcpg236-1
INFO: [Project 1-570] Preparing netlist for logic optimization

Processing XDC Constraints
Initializing timing engine
Parsing XDC File [C:/Users/Leilani/Documents/Game Simon/Game Simon.srcs/constrs_1/new/Basys3_Master.xdc]
WARNING: [Vivado 12-584] No ports matched 'sw[0]'. [C:/Users/Leilani/Documents/Game Simon/Game Simon.srcs/constrs_1/new/Basys3_Master.xdc:12]
CRITICAL WARNING: [Common 17-55] 'set_property' expects at least one object. [C:/Users/Leilani/Documents/Game Simon/Game Simon.srcs/constrs_1/new/Basys3_Master.xdc:12]
Resolution: If [get_<value>] was used to populate the object, check to make sure this command returns at least one valid object.
WARNING: [Vivado 12-584] No ports matched 'sw[0]'. [C:/Users/Leilani/Documents/Game Simon/Game Simon.srcs/constrs_1/new/Basys3_Master.xdc:13]
CRITICAL WARNING: [Common 17-55] 'set_property' expects at least one object. [C:/Users/Leilani/Documents/Game Simon/Game Simon.srcs/constrs_1/new/Basys3_Master.xdc:13]
Resolution: If [get_<value>] was used to populate the object, check to make sure this command returns at least one valid object.
WARNING: [Vivado 12-584] No ports matched 'seg[0]'. [C:/Users/Leilani/Documents/Game Simon/Game Simon.srcs/constrs_1/new/Basys3_Master.xdc:82]
CRITICAL WARNING: [Common 17-55] 'set_property' expects at least one object. [C:/Users/Leilani/Documents/Game Simon/Game Simon.srcs/constrs_1/new/Basys3_Master.xdc:82]
Resolution: If [get_<value>] was used to populate the object, check to make sure this command returns at least one valid object.
WARNING: [Vivado 12-584] No ports matched 'seg[0]'. [C:/Users/Leilani/Documents/Game Simon/Game Simon.srcs/constrs_1/new/Basys3_Master.xdc:83]
CRITICAL WARNING: [Common 17-55] 'set_property' expects at least one object. [C:/Users/Leilani/Documents/Game Simon/Game Simon.srcs/constrs_1/new/Basys3_Master.xdc:83]
Resolution: If [get_<value>] was used to populate the object, check to make sure this command returns at least one valid object.
WARNING: [Vivado 12-584] No ports matched 'seg[1]'. [C:/Users/Leilani/Documents/Game Simon/Game Simon.srcs/constrs_1/new/Basys3_Master.xdc:84]
CRITICAL WARNING: [Common 17-55] 'set_property' expects at least one object. [C:/Users/Leilani/Documents/Game Simon/Game Simon.srcs/constrs_1/new/Basys3_Master.xdc:84]
Resolution: If [get_<value>] was used to populate the object, check to make sure this command returns at least one valid object.
WARNING: [Vivado 12-584] No ports matched 'seg[1]'. [C:/Users/Leilani/Documents/Game Simon/Game Simon.srcs/constrs_1/new/Basys3_Master.xdc:85]
CRITICAL WARNING: [Common 17-55] 'set_property' expects at least one object. [C:/Users/Leilani/Documents/Game Simon/Game Simon.srcs/constrs_1/new/Basys3_Master.xdc:85]
Resolution: If [get_<value>] was used to populate the object, check to make sure this command returns at least one valid object.
WARNING: [Vivado 12-584] No ports matched 'seg[2]'. [C:/Users/Leilani/Documents/Game Simon/Game Simon.srcs/constrs_1/new/Basys3_Master.xdc:86]
CRITICAL WARNING: [Common 17-55] 'set_property' expects at least one object. [C:/Users/Leilani/Documents/Game Simon/Game Simon.srcs/constrs_1/new/Basys3_Master.xdc:86]
Resolution: If [get_<value>] was used to populate the object, check to make sure this command returns at least one valid object.
WARNING: [Vivado 12-584] No ports matched 'seg[2]'. [C:/Users/Leilani/Documents/Game Simon/Game Simon.srcs/constrs_1/new/Basys3_Master.xdc:87]
CRITICAL WARNING: [Common 17-55] 'set_property' expects at least one object. [C:/Users/Leilani/Documents/Game Simon/Game Simon.srcs/constrs_1/new/Basys3_Master.xdc:87]
Resolution: If [get_<value>] was used to populate the object, check to make sure this command returns at least one valid object.
WARNING: [Vivado 12-584] No ports matched 'seg[3]'. [C:/Users/Leilani/Documents/Game Simon/Game Simon.srcs/constrs_1/new/Basys3_Master.xdc:88]
CRITICAL WARNING: [Common 17-55] 'set_property' expects at least one object. [C:/Users/Leilani/Documents/Game Simon/Game Simon.srcs/constrs_1/new/Basys3_Master.xdc:88]
Resolution: If [get_<value>] was used to populate the object, check to make sure this command returns at least one valid object.
WARNING: [Vivado 12-584] No ports matched 'seg[3]'. [C:/Users/Leilani/Documents/Game Simon/Game Simon.srcs/constrs_1/new/Basys3_Master.xdc:89]
CRITICAL WARNING: [Common 17-55] 'set_property' expects at least one object. [C:/Users/Leilani/Documents/Game Simon/Game Simon.srcs/constrs_1/new/Basys3_Master.xdc:89]
Resolution: If [get_<value>] was used to populate the object, check to make sure this command returns at least one valid object.
WARNING: [Vivado 12-584] No ports matched 'seg[4]'. [C:/Users/Leilani/Documents/Game Simon/Game Simon.srcs/constrs_1/new/Basys3_Master.xdc:90]
CRITICAL WARNING: [Common 17-55] 'set_property' expects at least one object. [C:/Users/Leilani/Documents/Game Simon/Game Simon.srcs/constrs_1/new/Basys3_Master.xdc:90]
Resolution: If [get_<value>] was used to populate the object, check to make sure this command returns at least one valid object.
WARNING: [Vivado 12-584] No ports matched 'seg[4]'. [C:/Users/Leilani/Documents/Game Simon/Game Simon.srcs/constrs_1/new/Basys3_Master.xdc:91]
CRITICAL WARNING: [Common 17-55] 'set_property' expects at least one object. [C:/Users/Leilani/Documents/Game Simon/Game Simon.srcs/constrs_1/new/Basys3_Master.xdc:91]
Resolution: If [get_<value>] was used to populate the object, check to make sure this command returns at least one valid object.
WARNING: [Vivado 12-584] No ports matched 'seg[5]'. [C:/Users/Leilani/Documents/Game Simon/Game Simon.srcs/constrs_1/new/Basys3_Master.xdc:92]
CRITICAL WARNING: [Common 17-55] 'set_property' expects at least one object. [C:/Users/Leilani/Documents/Game Simon/Game Simon.srcs/constrs_1/new/Basys3_Master.xdc:92]
Resolution: If [get_<value>] was used to populate the object, check to make sure this command returns at least one valid object.
WARNING: [Vivado 12-584] No ports matched 'seg[5]'. [C:/Users/Leilani/Documents/Game Simon/Game Simon.srcs/constrs_1/new/Basys3_Master.xdc:93]
CRITICAL WARNING: [Common 17-55] 'set_property' expects at least one object. [C:/Users/Leilani/Documents/Game Simon/Game Simon.srcs/constrs_1/new/Basys3_Master.xdc:93]
Resolution: If [get_<value>] was used to populate the object, check to make sure this command returns at least one valid object.
WARNING: [Vivado 12-584] No ports matched 'seg[6]'. [C:/Users/Leilani/Documents/Game Simon/Game Simon.srcs/constrs_1/new/Basys3_Master.xdc:94]
CRITICAL WARNING: [Common 17-55] 'set_property' expects at least one object. [C:/Users/Leilani/Documents/Game Simon/Game Simon.srcs/constrs_1/new/Basys3_Master.xdc:94]
Resolution: If [get_<value>] was used to populate the object, check to make sure this command returns at least one valid object.
WARNING: [Vivado 12-584] No ports matched 'seg[6]'. [C:/Users/Leilani/Documents/Game Simon/Game Simon.srcs/constrs_1/new/Basys3_Master.xdc:95]
CRITICAL WARNING: [Common 17-55] 'set_property' expects at least one object. [C:/Users/Leilani/Documents/Game Simon/Game Simon.srcs/constrs_1/new/Basys3_Master.xdc:95]
Resolution: If [get_<value>] was used to populate the object, check to make sure this command returns at least one valid object.
WARNING: [Vivado 12-584] No ports matched 'an[0]'. [C:/Users/Leilani/Documents/Game Simon/Game Simon.srcs/constrs_1/new/Basys3_Master.xdc:100]
CRITICAL WARNING: [Common 17-55] 'set_property' expects at least one object. [C:/Users/Leilani/Documents/Game Simon/Game Simon.srcs/constrs_1/new/Basys3_Master.xdc:100]
Resolution: If [get_<value>] was used to populate the object, check to make sure this command returns at least one valid object.
WARNING: [Vivado 12-584] No ports matched 'an[0]'. [C:/Users/Leilani/Documents/Game Simon/Game Simon.srcs/constrs_1/new/Basys3_Master.xdc:101]
CRITICAL WARNING: [Common 17-55] 'set_property' expects at least one object. [C:/Users/Leilani/Documents/Game Simon/Game Simon.srcs/constrs_1/new/Basys3_Master.xdc:101]
Resolution: If [get_<value>] was used to populate the object, check to make sure this command returns at least one valid object.
WARNING: [Vivado 12-584] No ports matched 'an[1]'. [C:/Users/Leilani/Documents/Game Simon/Game Simon.srcs/constrs_1/new/Basys3_Master.xdc:102]
CRITICAL WARNING: [Common 17-55] 'set_property' expects at least one object. [C:/Users/Leilani/Documents/Game Simon/Game Simon.srcs/constrs_1/new/Basys3_Master.xdc:102]
Resolution: If [get_<value>] was used to populate the object, check to make sure this command returns at least one valid object.
WARNING: [Vivado 12-584] No ports matched 'an[1]'. [C:/Users/Leilani/Documents/Game Simon/Game Simon.srcs/constrs_1/new/Basys3_Master.xdc:103]
CRITICAL WARNING: [Common 17-55] 'set_property' expects at least one object. [C:/Users/Leilani/Documents/Game Simon/Game Simon.srcs/constrs_1/new/Basys3_Master.xdc:103]
Resolution: If [get_<value>] was used to populate the object, check to make sure this command returns at least one valid object.
WARNING: [Vivado 12-584] No ports matched 'an[2]'. [C:/Users/Leilani/Documents/Game Simon/Game Simon.srcs/constrs_1/new/Basys3_Master.xdc:104]
CRITICAL WARNING: [Common 17-55] 'set_property' expects at least one object. [C:/Users/Leilani/Documents/Game Simon/Game Simon.srcs/constrs_1/new/Basys3_Master.xdc:104]
Resolution: If [get_<value>] was used to populate the object, check to make sure this command returns at least one valid object.
WARNING: [Vivado 12-584] No ports matched 'an[2]'. [C:/Users/Leilani/Documents/Game Simon/Game Simon.srcs/constrs_1/new/Basys3_Master.xdc:105]
CRITICAL WARNING: [Common 17-55] 'set_property' expects at least one object. [C:/Users/Leilani/Documents/Game Simon/Game Simon.srcs/constrs_1/new/Basys3_Master.xdc:105]
Resolution: If [get_<value>] was used to populate the object, check to make sure this command returns at least one valid object.
WARNING: [Vivado 12-584] No ports matched 'an[3]'. [C:/Users/Leilani/Documents/Game Simon/Game Simon.srcs/constrs_1/new/Basys3_Master.xdc:106]
CRITICAL WARNING: [Common 17-55] 'set_property' expects at least one object. [C:/Users/Leilani/Documents/Game Simon/Game Simon.srcs/constrs_1/new/Basys3_Master.xdc:106]
Resolution: If [get_<value>] was used to populate the object, check to make sure this command returns at least one valid object.
WARNING: [Vivado 12-584] No ports matched 'an[3]'. [C:/Users/Leilani/Documents/Game Simon/Game Simon.srcs/constrs_1/new/Basys3_Master.xdc:107]
CRITICAL WARNING: [Common 17-55] 'set_property' expects at least one object. [C:/Users/Leilani/Documents/Game Simon/Game Simon.srcs/constrs_1/new/Basys3_Master.xdc:107]
Resolution: If [get_<value>] was used to populate the object, check to make sure this command returns at least one valid object.
WARNING: [Vivado 12-584] No ports matched 'btnC'. [C:/Users/Leilani/Documents/Game Simon/Game Simon.srcs/constrs_1/new/Basys3_Master.xdc:111]
CRITICAL WARNING: [Common 17-55] 'set_property' expects at least one object. [C:/Users/Leilani/Documents/Game Simon/Game Simon.srcs/constrs_1/new/Basys3_Master.xdc:111]
Resolution: If [get_<value>] was used to populate the object, check to make sure this command returns at least one valid object.
WARNING: [Vivado 12-584] No ports matched 'btnC'. [C:/Users/Leilani/Documents/Game Simon/Game Simon.srcs/constrs_1/new/Basys3_Master.xdc:112]
CRITICAL WARNING: [Common 17-55] 'set_property' expects at least one object. [C:/Users/Leilani/Documents/Game Simon/Game Simon.srcs/constrs_1/new/Basys3_Master.xdc:112]
Resolution: If [get_<value>] was used to populate the object, check to make sure this command returns at least one valid object.
WARNING: [Vivado 12-584] No ports matched 'btnU'. [C:/Users/Leilani/Documents/Game Simon/Game Simon.srcs/constrs_1/new/Basys3_Master.xdc:113]
CRITICAL WARNING: [Common 17-55] 'set_property' expects at least one object. [C:/Users/Leilani/Documents/Game Simon/Game Simon.srcs/constrs_1/new/Basys3_Master.xdc:113]
Resolution: If [get_<value>] was used to populate the object, check to make sure this command returns at least one valid object.
WARNING: [Vivado 12-584] No ports matched 'btnU'. [C:/Users/Leilani/Documents/Game Simon/Game Simon.srcs/constrs_1/new/Basys3_Master.xdc:114]
CRITICAL WARNING: [Common 17-55] 'set_property' expects at least one object. [C:/Users/Leilani/Documents/Game Simon/Game Simon.srcs/constrs_1/new/Basys3_Master.xdc:114]
Resolution: If [get_<value>] was used to populate the object, check to make sure this command returns at least one valid object.
WARNING: [Vivado 12-584] No ports matched 'btnL'. [C:/Users/Leilani/Documents/Game Simon/Game Simon.srcs/constrs_1/new/Basys3_Master.xdc:115]
CRITICAL WARNING: [Common 17-55] 'set_property' expects at least one object. [C:/Users/Leilani/Documents/Game Simon/Game Simon.srcs/constrs_1/new/Basys3_Master.xdc:115]
Resolution: If [get_<value>] was used to populate the object, check to make sure this command returns at least one valid object.
WARNING: [Vivado 12-584] No ports matched 'btnL'. [C:/Users/Leilani/Documents/Game Simon/Game Simon.srcs/constrs_1/new/Basys3_Master.xdc:116]
CRITICAL WARNING: [Common 17-55] 'set_property' expects at least one object. [C:/Users/Leilani/Documents/Game Simon/Game Simon.srcs/constrs_1/new/Basys3_Master.xdc:116]
Resolution: If [get_<value>] was used to populate the object, check to make sure this command returns at least one valid object.
WARNING: [Vivado 12-584] No ports matched 'btnR'. [C:/Users/Leilani/Documents/Game Simon/Game Simon.srcs/constrs_1/new/Basys3_Master.xdc:117]
CRITICAL WARNING: [Common 17-55] 'set_property' expects at least one object. [C:/Users/Leilani/Documents/Game Simon/Game Simon.srcs/constrs_1/new/Basys3_Master.xdc:117]
Resolution: If [get_<value>] was used to populate the object, check to make sure this command returns at least one valid object.
WARNING: [Vivado 12-584] No ports matched 'btnR'. [C:/Users/Leilani/Documents/Game Simon/Game Simon.srcs/constrs_1/new/Basys3_Master.xdc:118]
CRITICAL WARNING: [Common 17-55] 'set_property' expects at least one object. [C:/Users/Leilani/Documents/Game Simon/Game Simon.srcs/constrs_1/new/Basys3_Master.xdc:118]
Resolution: If [get_<value>] was used to populate the object, check to make sure this command returns at least one valid object.
WARNING: [Vivado 12-584] No ports matched 'btnD'. [C:/Users/Leilani/Documents/Game Simon/Game Simon.srcs/constrs_1/new/Basys3_Master.xdc:119]
CRITICAL WARNING: [Common 17-55] 'set_property' expects at least one object. [C:/Users/Leilani/Documents/Game Simon/Game Simon.srcs/constrs_1/new/Basys3_Master.xdc:119]
Resolution: If [get_<value>] was used to populate the object, check to make sure this command returns at least one valid object.
WARNING: [Vivado 12-584] No ports matched 'btnD'. [C:/Users/Leilani/Documents/Game Simon/Game Simon.srcs/constrs_1/new/Basys3_Master.xdc:120]
CRITICAL WARNING: [Common 17-55] 'set_property' expects at least one object. [C:/Users/Leilani/Documents/Game Simon/Game Simon.srcs/constrs_1/new/Basys3_Master.xdc:120]
Resolution: If [get_<value>] was used to populate the object, check to make sure this command returns at least one valid object.
Finished Parsing XDC File [C:/Users/Leilani/Documents/Game Simon/Game Simon.srcs/constrs_1/new/Basys3_Master.xdc]
INFO: [Project 1-236] Implementation specific constraints were found while reading constraint file [C:/Users/Leilani/Documents/Game Simon/Game Simon.srcs/constrs_1/new/Basys3_Master.xdc]. These constraints will be ignored for synthesis but will be used in implementation. Impacted constraints are listed in the file [.Xil/Display_propImpl.xdc].
Resolution: To avoid this warning, move constraints listed in [.Xil/Display_propImpl.xdc] to another XDC file and exclude this new file from synthesis with the used_in_synthesis property (File Properties dialog in GUI) and re-run elaboration/synthesis.
Completed Processing XDC Constraints

INFO: [Project 1-111] Unisim Transformation Summary:
No Unisim elements were transformed.

Constraint Validation Runtime : Time (s): cpu = 00:00:00 ; elapsed = 00:00:00.016 . Memory (MB): peak = 520.340 ; gain = 0.000
---------------------------------------------------------------------------------
Finished Constraint Validation : Time (s): cpu = 00:00:47 ; elapsed = 00:00:59 . Memory (MB): peak = 520.340 ; gain = 310.609
---------------------------------------------------------------------------------
---------------------------------------------------------------------------------
Start Loading Part and Timing Information
---------------------------------------------------------------------------------
Loading part: xc7a35tcpg236-1
---------------------------------------------------------------------------------
Finished Loading Part and Timing Information : Time (s): cpu = 00:00:47 ; elapsed = 00:00:59 . Memory (MB): peak = 520.340 ; gain = 310.609
---------------------------------------------------------------------------------
---------------------------------------------------------------------------------
Start Applying 'set_property' XDC Constraints
---------------------------------------------------------------------------------
---------------------------------------------------------------------------------
Finished applying 'set_property' XDC Constraints : Time (s): cpu = 00:00:47 ; elapsed = 00:00:59 . Memory (MB): peak = 520.340 ; gain = 310.609
---------------------------------------------------------------------------------
---------------------------------------------------------------------------------
Finished RTL Optimization Phase 2 : Time (s): cpu = 00:00:47 ; elapsed = 00:00:59 . Memory (MB): peak = 520.340 ; gain = 310.609
---------------------------------------------------------------------------------

Report RTL Partitions: 
+-+--------------+------------+----------+
| |RTL Partition |Replication |Instances |
+-+--------------+------------+----------+
+-+--------------+------------+----------+
---------------------------------------------------------------------------------
Start RTL Component Statistics 
---------------------------------------------------------------------------------
Detailed RTL Component Info : 
---------------------------------------------------------------------------------
Finished RTL Component Statistics 
---------------------------------------------------------------------------------
---------------------------------------------------------------------------------
Start RTL Hierarchical Component Statistics 
---------------------------------------------------------------------------------
Hierarchical RTL Component report 
---------------------------------------------------------------------------------
Finished RTL Hierarchical Component Statistics
---------------------------------------------------------------------------------
---------------------------------------------------------------------------------
Start Part Resource Summary
---------------------------------------------------------------------------------
Part Resources:
DSPs: 90 (col length:60)
BRAMs: 100 (col length: RAMB18 60 RAMB36 30)
---------------------------------------------------------------------------------
Finished Part Resource Summary
---------------------------------------------------------------------------------
---------------------------------------------------------------------------------
Start Cross Boundary and Area Optimization
---------------------------------------------------------------------------------
WARNING: [Synth 8-3330] design Display has an empty top module
WARNING: [Synth 8-3331] design Display has unconnected port led[8]
WARNING: [Synth 8-3331] design Display has unconnected port led[7]
WARNING: [Synth 8-3331] design Display has unconnected port clk
---------------------------------------------------------------------------------
Finished Cross Boundary and Area Optimization : Time (s): cpu = 00:00:48 ; elapsed = 00:01:01 . Memory (MB): peak = 520.340 ; gain = 310.609
---------------------------------------------------------------------------------

Report RTL Partitions: 
+-+--------------+------------+----------+
| |RTL Partition |Replication |Instances |
+-+--------------+------------+----------+
+-+--------------+------------+----------+
---------------------------------------------------------------------------------
Start Timing Optimization
---------------------------------------------------------------------------------
---------------------------------------------------------------------------------
Start Applying XDC Timing Constraints
---------------------------------------------------------------------------------
---------------------------------------------------------------------------------
Finished Applying XDC Timing Constraints : Time (s): cpu = 00:01:16 ; elapsed = 00:01:30 . Memory (MB): peak = 549.141 ; gain = 339.410
---------------------------------------------------------------------------------
---------------------------------------------------------------------------------
Finished Timing Optimization : Time (s): cpu = 00:01:16 ; elapsed = 00:01:30 . Memory (MB): peak = 549.141 ; gain = 339.410
---------------------------------------------------------------------------------

Report RTL Partitions: 
+-+--------------+------------+----------+
| |RTL Partition |Replication |Instances |
+-+--------------+------------+----------+
+-+--------------+------------+----------+
---------------------------------------------------------------------------------
Start Technology Mapping
---------------------------------------------------------------------------------
---------------------------------------------------------------------------------
Finished Technology Mapping : Time (s): cpu = 00:01:16 ; elapsed = 00:01:30 . Memory (MB): peak = 558.766 ; gain = 349.035
---------------------------------------------------------------------------------

Report RTL Partitions: 
+-+--------------+------------+----------+
| |RTL Partition |Replication |Instances |
+-+--------------+------------+----------+
+-+--------------+------------+----------+
---------------------------------------------------------------------------------
Start IO Insertion
---------------------------------------------------------------------------------
---------------------------------------------------------------------------------
Start Flattening Before IO Insertion
---------------------------------------------------------------------------------
---------------------------------------------------------------------------------
Finished Flattening Before IO Insertion
---------------------------------------------------------------------------------
---------------------------------------------------------------------------------
Start Final Netlist Cleanup
---------------------------------------------------------------------------------
---------------------------------------------------------------------------------
Finished Final Netlist Cleanup
---------------------------------------------------------------------------------
---------------------------------------------------------------------------------
Finished IO Insertion : Time (s): cpu = 00:01:18 ; elapsed = 00:01:32 . Memory (MB): peak = 558.766 ; gain = 349.035
---------------------------------------------------------------------------------

Report Check Netlist: 
+------+------------------+-------+---------+-------+------------------+
|      |Item              |Errors |Warnings |Status |Description       |
+------+------------------+-------+---------+-------+------------------+
|1     |multi_driven_nets |      0|        0|Passed |Multi driven nets |
+------+------------------+-------+---------+-------+------------------+
---------------------------------------------------------------------------------
Start Renaming Generated Instances
---------------------------------------------------------------------------------
---------------------------------------------------------------------------------
Finished Renaming Generated Instances : Time (s): cpu = 00:01:18 ; elapsed = 00:01:32 . Memory (MB): peak = 558.766 ; gain = 349.035
---------------------------------------------------------------------------------

Report RTL Partitions: 
+-+--------------+------------+----------+
| |RTL Partition |Replication |Instances |
+-+--------------+------------+----------+
+-+--------------+------------+----------+
---------------------------------------------------------------------------------
Start Rebuilding User Hierarchy
---------------------------------------------------------------------------------
---------------------------------------------------------------------------------
Finished Rebuilding User Hierarchy : Time (s): cpu = 00:01:18 ; elapsed = 00:01:32 . Memory (MB): peak = 558.766 ; gain = 349.035
---------------------------------------------------------------------------------
---------------------------------------------------------------------------------
Start Renaming Generated Ports
---------------------------------------------------------------------------------
---------------------------------------------------------------------------------
Finished Renaming Generated Ports : Time (s): cpu = 00:01:18 ; elapsed = 00:01:32 . Memory (MB): peak = 558.766 ; gain = 349.035
---------------------------------------------------------------------------------
---------------------------------------------------------------------------------
Start Handling Custom Attributes
---------------------------------------------------------------------------------
---------------------------------------------------------------------------------
Finished Handling Custom Attributes : Time (s): cpu = 00:01:18 ; elapsed = 00:01:32 . Memory (MB): peak = 558.766 ; gain = 349.035
---------------------------------------------------------------------------------
---------------------------------------------------------------------------------
Start Renaming Generated Nets
---------------------------------------------------------------------------------
---------------------------------------------------------------------------------
Finished Renaming Generated Nets : Time (s): cpu = 00:01:18 ; elapsed = 00:01:32 . Memory (MB): peak = 558.766 ; gain = 349.035
---------------------------------------------------------------------------------
---------------------------------------------------------------------------------
Start Writing Synthesis Report
---------------------------------------------------------------------------------

Report BlackBoxes: 
+-+--------------+----------+
| |BlackBox name |Instances |
+-+--------------+----------+
+-+--------------+----------+

Report Cell Usage: 
+------+------+------+
|      |Cell  |Count |
+------+------+------+
|1     |OBUFT |     2|
+------+------+------+

Report Instance Areas: 
+------+---------+-------+------+
|      |Instance |Module |Cells |
+------+---------+-------+------+
|1     |top      |       |     2|
+------+---------+-------+------+
---------------------------------------------------------------------------------
Finished Writing Synthesis Report : Time (s): cpu = 00:01:18 ; elapsed = 00:01:32 . Memory (MB): peak = 558.766 ; gain = 349.035
---------------------------------------------------------------------------------
Synthesis finished with 0 errors, 0 critical warnings and 4 warnings.
Synthesis Optimization Runtime : Time (s): cpu = 00:00:43 ; elapsed = 00:01:01 . Memory (MB): peak = 558.766 ; gain = 147.316
Synthesis Optimization Complete : Time (s): cpu = 00:01:19 ; elapsed = 00:01:32 . Memory (MB): peak = 558.766 ; gain = 349.035
INFO: [Project 1-571] Translating synthesized netlist
INFO: [Project 1-570] Preparing netlist for logic optimization
INFO: [Opt 31-138] Pushed 0 inverter(s) to 0 load pin(s).
INFO: [Project 1-111] Unisim Transformation Summary:
No Unisim elements were transformed.

INFO: [Common 17-83] Releasing license: Synthesis
18 Infos, 55 Warnings, 34 Critical Warnings and 0 Errors encountered.
synth_design completed successfully
synth_design: Time (s): cpu = 00:01:14 ; elapsed = 00:01:23 . Memory (MB): peak = 573.621 ; gain = 363.891
INFO: [Common 17-1381] The checkpoint 'C:/Users/Leilani/Documents/Game Simon/Game Simon.runs/synth_1/Display.dcp' has been generated.
report_utilization: Time (s): cpu = 00:00:00 ; elapsed = 00:00:00.031 . Memory (MB): peak = 573.621 ; gain = 0.000
INFO: [Common 17-206] Exiting Vivado at Tue Jun 20 14:51:20 2017...
